Determining if the pthread_create exist failed with the following output:
Change Dir: /home/robotlab/catkin_ws/src/franka_app/build/CMakeFiles/CMakeTmp

Run Build Command:"/usr/bin/make" "cmTC_cf10b/fast"
/usr/bin/make -f CMakeFiles/cmTC_cf10b.dir/build.make CMakeFiles/cmTC_cf10b.dir/build
make[1]: Entering directory '/home/robotlab/catkin_ws/src/franka_app/build/CMakeFiles/CMakeTmp'
Building C object CMakeFiles/cmTC_cf10b.dir/CheckSymbolExists.c.o
/usr/bin/cc    -o CMakeFiles/cmTC_cf10b.dir/CheckSymbolExists.c.o   -c /home/robotlab/catkin_ws/src/franka_app/build/CMakeFiles/CMakeTmp/CheckSymbolExists.c
Linking C executable cmTC_cf10b
/usr/bin/cmake -E cmake_link_script CMakeFiles/cmTC_cf10b.dir/link.txt --verbose=1
/usr/bin/cc      -rdynamic CMakeFiles/cmTC_cf10b.dir/CheckSymbolExists.c.o  -o cmTC_cf10b 
CMakeFiles/cmTC_cf10b.dir/CheckSymbolExists.c.o: In function `main':
CheckSymbolExists.c:(.text+0x1b): undefined reference to `pthread_create'
collect2: error: ld returned 1 exit status
CMakeFiles/cmTC_cf10b.dir/build.make:97: recipe for target 'cmTC_cf10b' failed
make[1]: *** [cmTC_cf10b] Error 1
make[1]: Leaving directory '/home/robotlab/catkin_ws/src/franka_app/build/CMakeFiles/CMakeTmp'
Makefile:126: recipe for target 'cmTC_cf10b/fast' failed
make: *** [cmTC_cf10b/fast] Error 2

File /home/robotlab/catkin_ws/src/franka_app/build/CMakeFiles/CMakeTmp/CheckSymbolExists.c:
/* */
#include <pthread.h>

int main(int argc, char** argv)
{
  (void)argv;
#ifndef pthread_create
  return ((int*)(&pthread_create))[argc];
#else
  (void)argc;
  return 0;
#endif
}

Determining if the function pthread_create exists in the pthreads failed with the following output:
Change Dir: /home/robotlab/catkin_ws/src/franka_app/build/CMakeFiles/CMakeTmp

Run Build Command:"/usr/bin/make" "cmTC_601e3/fast"
/usr/bin/make -f CMakeFiles/cmTC_601e3.dir/build.make CMakeFiles/cmTC_601e3.dir/build
make[1]: Entering directory '/home/robotlab/catkin_ws/src/franka_app/build/CMakeFiles/CMakeTmp'
Building C object CMakeFiles/cmTC_601e3.dir/CheckFunctionExists.c.o
/usr/bin/cc   -DCHECK_FUNCTION_EXISTS=pthread_create   -o CMakeFiles/cmTC_601e3.dir/CheckFunctionExists.c.o   -c /usr/share/cmake-3.10/Modules/CheckFunctionExists.c
Linking C executable cmTC_601e3
/usr/bin/cmake -E cmake_link_script CMakeFiles/cmTC_601e3.dir/link.txt --verbose=1
/usr/bin/cc  -DCHECK_FUNCTION_EXISTS=pthread_create    -rdynamic CMakeFiles/cmTC_601e3.dir/CheckFunctionExists.c.o  -o cmTC_601e3 -lpthreads 
/usr/bin/ld: cannot find -lpthreads
collect2: error: ld returned 1 exit status
CMakeFiles/cmTC_601e3.dir/build.make:97: recipe for target 'cmTC_601e3' failed
make[1]: *** [cmTC_601e3] Error 1
make[1]: Leaving directory '/home/robotlab/catkin_ws/src/franka_app/build/CMakeFiles/CMakeTmp'
Makefile:126: recipe for target 'cmTC_601e3/fast' failed
make: *** [cmTC_601e3/fast] Error 2


